<?xml version="1.0" encoding="UTF-8"?>
<testng-results skipped="0" failed="0" ignored="0" total="1" passed="1">
  <reporter-output>
  </reporter-output>
  <suite name="Default suite" duration-ms="1604" started-at="2019-10-15T08:22:12Z" finished-at="2019-10-15T08:22:13Z">
    <groups>
    </groups>
    <test name="Default test" duration-ms="1604" started-at="2019-10-15T08:22:12Z" finished-at="2019-10-15T08:22:13Z">
      <class name="com.perpule.api.customerdetails.StartCustomerDetails">
        <test-method status="PASS" signature="debugTest(java.lang.String)[pri:0, instance:com.perpule.api.customerdetails.StartCustomerDetails@2b98378d]" name="debugTest" duration-ms="1585" started-at="2019-10-15T13:52:12Z" data-provider="debug" finished-at="2019-10-15T13:52:13Z">
          <params>
            <param index="0">
              <value>
                <![CDATA[7996424956]]>
              </value>
            </param>
          </params>
          <reporter-output>
          </reporter-output>
        </test-method> <!-- debugTest -->
      </class> <!-- com.perpule.api.customerdetails.StartCustomerDetails -->
    </test> <!-- Default test -->
  </suite> <!-- Default suite -->
</testng-results>
