<?xml version="1.0" encoding="UTF-8"?>
<testng-results skipped="0" failed="0" ignored="0" total="1" passed="1">
  <reporter-output>
  </reporter-output>
  <suite name="Product Bar Sanity Check" duration-ms="20723" started-at="2019-11-04T17:42:32Z" finished-at="2019-11-04T17:42:52Z">
    <groups>
    </groups>
    <test name="Sanity_Start" duration-ms="20723" started-at="2019-11-04T17:42:32Z" finished-at="2019-11-04T17:42:52Z">
      <class name="dpos.user.Sanity_ProductBar">
        <test-method status="PASS" signature="sanity()[pri:0, instance:dpos.user.Sanity_ProductBar@79be0360]" name="sanity" duration-ms="20707" started-at="2019-11-04T23:12:32Z" finished-at="2019-11-04T23:12:52Z">
          <reporter-output>
          </reporter-output>
        </test-method> <!-- sanity -->
      </class> <!-- dpos.user.Sanity_ProductBar -->
    </test> <!-- Sanity_Start -->
  </suite> <!-- Product Bar Sanity Check -->
</testng-results>
